#
# A fatal error has been detected by the Java Runtime Environment:
#
#  EXCEPTION_ACCESS_VIOLATION (0xc0000005) at pc=0x00007fff7df92065, pid=12540, tid=0x00000000000042d4
#
# JRE version: Java(TM) SE Runtime Environment (8.0_271-b09) (build 1.8.0_271-b09)
# Java VM: Java HotSpot(TM) 64-Bit Server VM (25.271-b09 mixed mode windows-amd64 compressed oops)
# Problematic frame:
# C  [ig11icd64.dll+0x42065]
#
# Failed to write core dump. Minidumps are not enabled by default on client versions of Windows
#
# If you would like to submit a bug report, please visit:
#   http://bugreport.java.com/bugreport/crash.jsp
# The crash happened outside the Java Virtual Machine in native code.
# See problematic frame for where to report the bug.
#

---------------  T H R E A D  ---------------

Current thread (0x000001d277a06000):  JavaThread "JDWP Transport Listener: dt_socket" daemon [_thread_in_native, id=17108, stack(0x0000008d19500000,0x0000008d19600000)]

siginfo: ExceptionCode=0xc0000005, reading address 0x0000000000034868

Registers:
RAX=0x000001d27997bc78, RBX=0x000001d27997bbb0, RCX=0x0000000000000000, RDX=0x000001d27997bc78
RSP=0x0000008d195fecb0, RBP=0x0000000000000000, RSI=0x0000000000000000, RDI=0x000001d2798092f0
R8 =0x0000000000000000, R9 =0x0000000000000000, R10=0x0000000000000000, R11=0x0000000000000246
R12=0x000001d279787400, R13=0x0000000000000000, R14=0x000001d27997c040, R15=0x0000000000000000
RIP=0x00007fff7df92065, EFLAGS=0x0000000000010206

Top of Stack: (sp=0x0000008d195fecb0)
0x0000008d195fecb0:   0000000000000000 0000000000000000
0x0000008d195fecc0:   000096c2c7bac2b4 0000005400000000
0x0000008d195fecd0:   00000000000000b0 0000000000000000
0x0000008d195fece0:   000000000000003a 000001d2797874c0
0x0000008d195fecf0:   0000b802001800a8 00007fff7df75526
0x0000008d195fed00:   000001d2796d4ff0 000001d2798092f0
0x0000008d195fed10:   0000008d195fee00 0000000000000000
0x0000008d195fed20:   0000000000000000 0000000000000000
0x0000008d195fed30:   0000000000000000 0000000000000000
0x0000008d195fed40:   0000000000000000 0000000000000000
0x0000008d195fed50:   0000000000000000 0000000000000000
0x0000008d195fed60:   0000000000000000 0000000000000000
0x0000008d195fed70:   0000000000000000 0000000000000000
0x0000008d195fed80:   0000000000000000 0000000000000000
0x0000008d195fed90:   0000000000000000 0000000000000000
0x0000008d195feda0:   0000b802001800a8 00000000000009b0 

Instructions: (pc=0x00007fff7df92065)
0x00007fff7df92045:   1d 8b c1 83 e0 0f 48 6b c0 38 48 03 c2 48 85 c0
0x00007fff7df92055:   74 0c 48 8b 48 08 eb 08 48 83 c0 08 eb ef 33 c9
0x00007fff7df92065:   48 3b 8d 68 48 03 00 76 6b 48 8b 87 80 02 00 00
0x00007fff7df92075:   49 89 06 48 89 9f 80 02 00 00 ff 87 88 02 00 00 


Register to memory mapping:

RAX=0x000001d27997bc78 is an unknown value
RBX=0x000001d27997bbb0 is an unknown value
RCX=0x0000000000000000 is an unknown value
RDX=0x000001d27997bc78 is an unknown value
RSP=0x0000008d195fecb0 is pointing into the stack for thread: 0x000001d277a06000
RBP=0x0000000000000000 is an unknown value
RSI=0x0000000000000000 is an unknown value
RDI=0x000001d2798092f0 is an unknown value
R8 =0x0000000000000000 is an unknown value
R9 =0x0000000000000000 is an unknown value
R10=0x0000000000000000 is an unknown value
R11=0x0000000000000246 is an unknown value
R12=0x000001d279787400 is an unknown value
R13=0x0000000000000000 is an unknown value
R14=0x000001d27997c040 is an unknown value
R15=0x0000000000000000 is an unknown value


Stack: [0x0000008d19500000,0x0000008d19600000],  sp=0x0000008d195fecb0,  free space=1019k
Native frames: (J=compiled Java code, j=interpreted, Vv=VM code, C=native code)


---------------  P R O C E S S  ---------------

Java Threads: ( => current thread )
  0x000001d27015e800 JavaThread "DestroyJavaVM" [_thread_blocked, id=13988, stack(0x0000008d18700000,0x0000008d18800000)]
  0x000001d279643800 JavaThread "LWJGL Application" [_thread_blocked, id=16400, stack(0x0000008d1a000000,0x0000008d1a100000)]
  0x000001d277a34000 JavaThread "Service Thread" daemon [_thread_blocked, id=7636, stack(0x0000008d19c00000,0x0000008d19d00000)]
  0x000001d277a3a800 JavaThread "C1 CompilerThread3" daemon [_thread_blocked, id=17164, stack(0x0000008d19b00000,0x0000008d19c00000)]
  0x000001d277a39800 JavaThread "C2 CompilerThread2" daemon [_thread_blocked, id=13160, stack(0x0000008d19a00000,0x0000008d19b00000)]
  0x000001d277a39000 JavaThread "C2 CompilerThread1" daemon [_thread_blocked, id=4352, stack(0x0000008d19900000,0x0000008d19a00000)]
  0x000001d277a2a000 JavaThread "C2 CompilerThread0" daemon [_thread_blocked, id=852, stack(0x0000008d19800000,0x0000008d19900000)]
  0x000001d277a15800 JavaThread "JDWP Event Helper Thread" daemon [_thread_blocked, id=12552, stack(0x0000008d19600000,0x0000008d19700000)]
=>0x000001d277a06000 JavaThread "JDWP Transport Listener: dt_socket" daemon [_thread_in_native, id=17108, stack(0x0000008d19500000,0x0000008d19600000)]
  0x000001d2779f5800 JavaThread "Attach Listener" daemon [_thread_blocked, id=9184, stack(0x0000008d19400000,0x0000008d19500000)]
  0x000001d2779f4800 JavaThread "Signal Dispatcher" daemon [_thread_blocked, id=8912, stack(0x0000008d19300000,0x0000008d19400000)]
  0x000001d2779c4000 JavaThread "Finalizer" daemon [_thread_blocked, id=2000, stack(0x0000008d19200000,0x0000008d19300000)]
  0x000001d2779bd800 JavaThread "Reference Handler" daemon [_thread_blocked, id=12260, stack(0x0000008d19100000,0x0000008d19200000)]

Other Threads:
  0x000001d277992800 VMThread [stack: 0x0000008d19000000,0x0000008d19100000] [id=5700]
  0x000001d278e2e800 WatcherThread [stack: 0x0000008d19d00000,0x0000008d19e00000] [id=12300]

VM state:not at safepoint (normal execution)

VM Mutex/Monitor currently owned by a thread: None

heap address: 0x0000000086600000, size: 1946 MB, Compressed Oops mode: 32-bit
Narrow klass base: 0x0000000000000000, Narrow klass shift: 3
Compressed class space size: 1073741824 Address: 0x0000000100000000

Heap:
 PSYoungGen      total 36352K, used 14163K [0x00000000d7780000, 0x00000000da000000, 0x0000000100000000)
  eden space 31232K, 45% used [0x00000000d7780000,0x00000000d8554e18,0x00000000d9600000)
  from space 5120K, 0% used [0x00000000d9b00000,0x00000000d9b00000,0x00000000da000000)
  to   space 5120K, 0% used [0x00000000d9600000,0x00000000d9600000,0x00000000d9b00000)
 ParOldGen       total 83456K, used 0K [0x0000000086600000, 0x000000008b780000, 0x00000000d7780000)
  object space 83456K, 0% used [0x0000000086600000,0x0000000086600000,0x000000008b780000)
 Metaspace       used 6742K, capacity 6979K, committed 7168K, reserved 1056768K
  class space    used 630K, capacity 656K, committed 768K, reserved 1048576K

Card table byte_map: [0x000001d271d80000,0x000001d272150000] byte_map_base: 0x000001d27194d000

Marking Bits: (ParMarkBitMap*) 0x0000000061a07fe0
 Begin Bits: [0x000001d2723e0000, 0x000001d274248000)
 End Bits:   [0x000001d274248000, 0x000001d2760b0000)

Polling page: 0x000001d2700f0000

CodeCache: size=245760Kb used=2220Kb max_used=2220Kb free=243539Kb
 bounds [0x000001d200000000, 0x000001d200270000, 0x000001d20f000000]
 total_blobs=842 nmethods=412 adapters=351
 compilation: enabled

Compilation events (10 events):
Event: 1.118 Thread 0x000001d277a3a800  408   !   3       java.util.zip.ZipFile$ZipFileInflaterInputStream::close (67 bytes)
Event: 1.119 Thread 0x000001d277a3a800 nmethod 408 0x000001d200228a10 code [0x000001d200228be0, 0x000001d200229420]
Event: 1.119 Thread 0x000001d277a3a800  409       3       java.util.zip.InflaterInputStream::close (34 bytes)
Event: 1.119 Thread 0x000001d277a3a800 nmethod 409 0x000001d200229810 code [0x000001d200229980, 0x000001d200229c80]
Event: 1.120 Thread 0x000001d277a3a800  410       3       java.util.zip.ZipEntry::getSize (5 bytes)
Event: 1.120 Thread 0x000001d277a3a800 nmethod 410 0x000001d200229d90 code [0x000001d200229ee0, 0x000001d20022a038]
Event: 1.135 Thread 0x000001d277a3a800  411       3       org.lwjgl.BufferChecks::checkFunctionAddress (23 bytes)
Event: 1.135 Thread 0x000001d277a3a800 nmethod 411 0x000001d20022bb50 code [0x000001d20022bcc0, 0x000001d20022bf30]
Event: 1.137 Thread 0x000001d277a3a800  412       3       java.util.Vector::elementData (7 bytes)
Event: 1.137 Thread 0x000001d277a3a800 nmethod 412 0x000001d20022c050 code [0x000001d20022c1a0, 0x000001d20022c318]

GC Heap History (0 events):
No events

Deoptimization events (2 events):
Event: 0.236 Thread 0x000001d27015e800 Uncommon trap: reason=unstable_if action=reinterpret pc=0x000001d20014a444 method=java.lang.String.indexOf([CII[CIII)I @ 134
Event: 0.237 Thread 0x000001d27015e800 Uncommon trap: reason=unstable_if action=reinterpret pc=0x000001d2001459a4 method=java.lang.String.indexOf([CII[CIII)I @ 123

Classes redefined (0 events):
No events

Internal exceptions (10 events):
Event: 0.240 Thread 0x000001d27015e800 Exception <a 'java/security/PrivilegedActionException'> (0x00000000d7b129b0) thrown at [C:\jenkins\workspace\8-2-build-windows-amd64-cygwin\jdk8u271\605\hotspot\src\share\vm\prims\jvm.cpp, line 1512]
Event: 0.240 Thread 0x000001d27015e800 Exception <a 'java/security/PrivilegedActionException'> (0x00000000d7b12bc0) thrown at [C:\jenkins\workspace\8-2-build-windows-amd64-cygwin\jdk8u271\605\hotspot\src\share\vm\prims\jvm.cpp, line 1512]
Event: 0.241 Thread 0x000001d27015e800 Exception <a 'java/security/PrivilegedActionException'> (0x00000000d7b16ad0) thrown at [C:\jenkins\workspace\8-2-build-windows-amd64-cygwin\jdk8u271\605\hotspot\src\share\vm\prims\jvm.cpp, line 1512]
Event: 0.241 Thread 0x000001d27015e800 Exception <a 'java/security/PrivilegedActionException'> (0x00000000d7b16ce0) thrown at [C:\jenkins\workspace\8-2-build-windows-amd64-cygwin\jdk8u271\605\hotspot\src\share\vm\prims\jvm.cpp, line 1512]
Event: 0.390 Thread 0x000001d27015e800 Exception <a 'java/security/PrivilegedActionException'> (0x00000000d7c65628) thrown at [C:\jenkins\workspace\8-2-build-windows-amd64-cygwin\jdk8u271\605\hotspot\src\share\vm\prims\jvm.cpp, line 1512]
Event: 0.390 Thread 0x000001d27015e800 Exception <a 'java/security/PrivilegedActionException'> (0x00000000d7c67300) thrown at [C:\jenkins\workspace\8-2-build-windows-amd64-cygwin\jdk8u271\605\hotspot\src\share\vm\prims\jvm.cpp, line 1512]
Event: 0.390 Thread 0x000001d27015e800 Exception <a 'java/security/PrivilegedActionException'> (0x00000000d7c68470) thrown at [C:\jenkins\workspace\8-2-build-windows-amd64-cygwin\jdk8u271\605\hotspot\src\share\vm\prims\jvm.cpp, line 1512]
Event: 0.391 Thread 0x000001d27015e800 Exception <a 'java/security/PrivilegedActionException'> (0x00000000d7c6d5d8) thrown at [C:\jenkins\workspace\8-2-build-windows-amd64-cygwin\jdk8u271\605\hotspot\src\share\vm\prims\jvm.cpp, line 1512]
Event: 0.391 Thread 0x000001d27015e800 Exception <a 'java/security/PrivilegedActionException'> (0x00000000d7c6e230) thrown at [C:\jenkins\workspace\8-2-build-windows-amd64-cygwin\jdk8u271\605\hotspot\src\share\vm\prims\jvm.cpp, line 1512]
Event: 0.391 Thread 0x000001d27015e800 Exception <a 'java/security/PrivilegedActionException'> (0x00000000d7c6ee58) thrown at [C:\jenkins\workspace\8-2-build-windows-amd64-cygwin\jdk8u271\605\hotspot\src\share\vm\prims\jvm.cpp, line 1512]

Events (10 events):
Event: 34.849 Executing VM operation: GetOrSetLocal done
Event: 34.849 Executing VM operation: GetOrSetLocal
Event: 34.849 Executing VM operation: GetOrSetLocal done
Event: 34.849 Executing VM operation: GetOrSetLocal
Event: 34.849 Executing VM operation: GetOrSetLocal done
Event: 34.850 Executing VM operation: GetOrSetLocal
Event: 34.850 Executing VM operation: GetOrSetLocal done
Event: 34.850 Executing VM operation: GetOrSetLocal
Event: 34.850 Executing VM operation: GetOrSetLocal done
Event: 44.112 Thread 0x000001d277a16800 Thread exited: 0x000001d277a16800


Dynamic libraries:
0x00007ff741170000 - 0x00007ff7411b7000 	C:\Program Files\Java\jdk1.8.0_271\bin\java.exe
0x00007fffeb980000 - 0x00007fffebb70000 	C:\windows\SYSTEM32\ntdll.dll
0x00007fffeab80000 - 0x00007fffeac32000 	C:\windows\System32\KERNEL32.DLL
0x00007fffe8f50000 - 0x00007fffe91f5000 	C:\windows\System32\KERNELBASE.dll
0x00007fffe9d70000 - 0x00007fffe9e13000 	C:\windows\System32\ADVAPI32.dll
0x00007fffea3d0000 - 0x00007fffea46e000 	C:\windows\System32\msvcrt.dll
0x00007fffea900000 - 0x00007fffea997000 	C:\windows\System32\sechost.dll
0x00007fffe9fe0000 - 0x00007fffea100000 	C:\windows\System32\RPCRT4.dll
0x00007fffeac40000 - 0x00007fffeadd4000 	C:\windows\System32\USER32.dll
0x00007fffe8dd0000 - 0x00007fffe8df1000 	C:\windows\System32\win32u.dll
0x00007fffeafe0000 - 0x00007fffeb006000 	C:\windows\System32\GDI32.dll
0x00007fffe8a10000 - 0x00007fffe8ba6000 	C:\windows\System32\gdi32full.dll
0x00007fffe8e00000 - 0x00007fffe8e9e000 	C:\windows\System32\msvcp_win.dll
0x00007fffe8910000 - 0x00007fffe8a0a000 	C:\windows\System32\ucrtbase.dll
0x00007fffdbf30000 - 0x00007fffdc1b4000 	C:\windows\WinSxS\amd64_microsoft.windows.common-controls_6595b64144ccf1df_6.0.18362.1139_none_9e7bf2d3e4605ac6\COMCTL32.dll
0x00007fffe9a30000 - 0x00007fffe9d65000 	C:\windows\System32\combase.dll
0x00007fffe8ed0000 - 0x00007fffe8f50000 	C:\windows\System32\bcryptPrimitives.dll
0x00007fffeb220000 - 0x00007fffeb24e000 	C:\windows\System32\IMM32.DLL
0x00007fffe31c0000 - 0x00007fffe31d5000 	C:\Program Files\Java\jdk1.8.0_271\jre\bin\vcruntime140.dll
0x00007fffb9e80000 - 0x00007fffb9f1b000 	C:\Program Files\Java\jdk1.8.0_271\jre\bin\msvcp140.dll
0x0000000061210000 - 0x0000000061a7f000 	C:\Program Files\Java\jdk1.8.0_271\jre\bin\server\jvm.dll
0x00007fffe9fd0000 - 0x00007fffe9fd8000 	C:\windows\System32\PSAPI.DLL
0x00007fffe1d50000 - 0x00007fffe1d5a000 	C:\windows\SYSTEM32\VERSION.dll
0x00007fffe5210000 - 0x00007fffe5219000 	C:\windows\SYSTEM32\WSOCK32.dll
0x00007fffe5a60000 - 0x00007fffe5a84000 	C:\windows\SYSTEM32\WINMM.dll
0x00007fffea160000 - 0x00007fffea1cf000 	C:\windows\System32\WS2_32.dll
0x00007fffe5470000 - 0x00007fffe549d000 	C:\windows\SYSTEM32\winmmbase.dll
0x00007fffe9980000 - 0x00007fffe99ca000 	C:\windows\System32\cfgmgr32.dll
0x00007fffe88f0000 - 0x00007fffe8901000 	C:\windows\System32\kernel.appcore.dll
0x00007fffe31b0000 - 0x00007fffe31c0000 	C:\Program Files\Java\jdk1.8.0_271\jre\bin\verify.dll
0x00007fffe3180000 - 0x00007fffe31ab000 	C:\Program Files\Java\jdk1.8.0_271\jre\bin\java.dll
0x00007fffdd1d0000 - 0x00007fffdd206000 	C:\Program Files\Java\jdk1.8.0_271\jre\bin\jdwp.dll
0x00007fffe3170000 - 0x00007fffe3179000 	C:\Program Files\Java\jdk1.8.0_271\jre\bin\npt.dll
0x00007fffe19e0000 - 0x00007fffe19f8000 	C:\Program Files\Java\jdk1.8.0_271\jre\bin\zip.dll
0x00007fffeb250000 - 0x00007fffeb937000 	C:\windows\System32\SHELL32.dll
0x00007fffea9a0000 - 0x00007fffeaa49000 	C:\windows\System32\shcore.dll
0x00007fffe9200000 - 0x00007fffe9980000 	C:\windows\System32\windows.storage.dll
0x00007fffe88c0000 - 0x00007fffe88e3000 	C:\windows\System32\profapi.dll
0x00007fffe8870000 - 0x00007fffe88ba000 	C:\windows\System32\powrprof.dll
0x00007fffe8840000 - 0x00007fffe8850000 	C:\windows\System32\UMPDC.dll
0x00007fffea100000 - 0x00007fffea152000 	C:\windows\System32\shlwapi.dll
0x00007fffe8c60000 - 0x00007fffe8c77000 	C:\windows\System32\cryptsp.dll
0x00007fffe19c0000 - 0x00007fffe19ca000 	C:\Program Files\Java\jdk1.8.0_271\jre\bin\dt_socket.dll
0x00007fffe8090000 - 0x00007fffe80f7000 	C:\windows\system32\mswsock.dll
0x0000000065ac0000 - 0x0000000065aec000 	C:\Users\chaz0\AppData\Local\Temp\libgdxchaz0\515ef75a\gdx64.dll
0x00007fffe7c00000 - 0x00007fffe7c33000 	C:\windows\system32\rsaenh.dll
0x00007fffe8ea0000 - 0x00007fffe8ec6000 	C:\windows\System32\bcrypt.dll
0x00007fffe8760000 - 0x00007fffe8785000 	C:\windows\SYSTEM32\USERENV.dll
0x00007fffe8260000 - 0x00007fffe826c000 	C:\windows\SYSTEM32\CRYPTBASE.dll
0x00007fffdfe10000 - 0x00007fffdfe2c000 	C:\Program Files\Java\jdk1.8.0_271\jre\bin\net.dll
0x00007fffe7da0000 - 0x00007fffe7dda000 	C:\windows\SYSTEM32\IPHLPAPI.DLL
0x00007fffea480000 - 0x00007fffea488000 	C:\windows\System32\NSI.dll
0x00007fffdfe30000 - 0x00007fffdfe46000 	C:\windows\SYSTEM32\dhcpcsvc6.DLL
0x00007fffde9b0000 - 0x00007fffde9cc000 	C:\windows\SYSTEM32\dhcpcsvc.DLL
0x00007fffe7de0000 - 0x00007fffe7eab000 	C:\windows\SYSTEM32\DNSAPI.dll
0x00007fffdfdd0000 - 0x00007fffdfde3000 	C:\Program Files\Java\jdk1.8.0_271\jre\bin\nio.dll
0x0000000180000000 - 0x0000000180053000 	C:\Users\chaz0\AppData\Local\Temp\libgdxchaz0\1cecf4f6\lwjgl64.dll
0x00007fffdee30000 - 0x00007fffdef86000 	C:\windows\SYSTEM32\OPENGL32.dll
0x00007fffe1820000 - 0x00007fffe184c000 	C:\windows\SYSTEM32\GLU32.dll
0x00007fffe7490000 - 0x00007fffe74b0000 	C:\windows\SYSTEM32\dxcore.dll
0x000001d279d80000 - 0x000001d279de4000 	C:\Users\chaz0\AppData\Local\Temp\libgdxchaz0\1cecf4f6\OpenAL64.dll
0x00007fffeade0000 - 0x00007fffeaf37000 	C:\windows\System32\ole32.dll
0x00007fffe6a80000 - 0x00007fffe6b19000 	C:\windows\system32\uxtheme.dll
0x00007fffeaa50000 - 0x00007fffeaaf2000 	C:\windows\System32\clbcatq.dll
0x00007fffb9c40000 - 0x00007fffb9cd9000 	C:\windows\SYSTEM32\dsound.dll
0x00007fffe12e0000 - 0x00007fffe1352000 	C:\windows\System32\MMDevApi.dll
0x00007fffe8630000 - 0x00007fffe865a000 	C:\windows\System32\DEVOBJ.dll
0x00007fffe1360000 - 0x00007fffe14bd000 	C:\windows\SYSTEM32\AUDIOSES.DLL
0x00007fffea230000 - 0x00007fffea2f5000 	C:\windows\System32\OLEAUT32.dll
0x00007fffe4020000 - 0x00007fffe4173000 	C:\windows\SYSTEM32\wintypes.dll
0x00007fffe2d40000 - 0x00007fffe2dee000 	C:\windows\SYSTEM32\mscms.dll
0x00007fffe2d20000 - 0x00007fffe2d37000 	C:\windows\SYSTEM32\ColorAdapterClient.dll
0x00007fffeb010000 - 0x00007fffeb145000 	C:\windows\System32\MSCTF.dll
0x00007fffbfe80000 - 0x00007fffbff1e000 	C:\windows\System32\TextInputFramework.dll
0x00007fffe6770000 - 0x00007fffe6844000 	C:\windows\System32\CoreMessaging.dll
0x00007fffe4200000 - 0x00007fffe452a000 	C:\windows\System32\CoreUIComponents.dll
0x00007fffe7880000 - 0x00007fffe78b1000 	C:\windows\SYSTEM32\ntmarta.dll
0x00007fffd3760000 - 0x00007fffd3a07000 	C:\windows\System32\iertutil.dll
0x00007fffd9b30000 - 0x00007fffd9b95000 	C:\windows\system32\Oleacc.dll
0x00007fff7df50000 - 0x00007fff7ee86000 	C:\windows\System32\DriverStore\FileRepository\iigd_dch.inf_amd64_99f3effa9b6e163f\ig11icd64.dll
0x00007fffe6c40000 - 0x00007fffe6c6d000 	C:\windows\system32\dwmapi.dll
0x00007fffe7520000 - 0x00007fffe760b000 	C:\windows\system32\dxgi.dll
0x00007fffe3d50000 - 0x00007fffe3d93000 	C:\windows\SYSTEM32\icm32.dll
0x00007fffe1660000 - 0x00007fffe1800000 	C:\windows\System32\DriverStore\FileRepository\iigd_dch.inf_amd64_99f3effa9b6e163f\igdgmm64.dll
0x00007fffb4390000 - 0x00007fffb678c000 	C:\windows\System32\DriverStore\FileRepository\iigd_dch.inf_amd64_99f3effa9b6e163f\igc64.dll
0x00007fffdbae0000 - 0x00007fffdbcd4000 	C:\windows\SYSTEM32\dbghelp.dll

VM Arguments:
jvm_args: -agentlib:jdwp=transport=dt_socket,server=n,suspend=y,address=64024 -Dfile.encoding=windows-1252 -Duser.country=GB -Duser.language=en -Duser.variant 
java_command: com.quackthulu.boatrace2020.desktop.DesktopLauncher
java_class_path (initial): C:\Users\chaz0\OneDrive\Documents\University of York\MyGames\QuackthuluNew\BoatRace2020\desktop\build\classes\java\main;C:\Users\chaz0\OneDrive\Documents\University of York\MyGames\QuackthuluNew\BoatRace2020\desktop\build\resources\main;C:\Users\chaz0\.gradle\caches\modules-2\files-2.1\com.badlogicgames.gdx\gdx-tools\1.9.11\e6e716b361d4a926edd34ac1388a5bfae2581ba0\gdx-tools-1.9.11.jar;C:\Users\chaz0\.gradle\caches\modules-2\files-2.1\com.badlogicgames.gdx\gdx-backend-lwjgl\1.9.11\3c094feb74e2aef14e30e988326612ee75387c8f\gdx-backend-lwjgl-1.9.11.jar;C:\Users\chaz0\.gradle\caches\modules-2\files-2.1\com.badlogicgames.gdx\gdx-platform\1.9.11\2de1e7285bec0aac89b4d3e55ac33a9f22016f42\gdx-platform-1.9.11-natives-desktop.jar;C:\Users\chaz0\.gradle\caches\modules-2\files-2.1\com.badlogicgames.gdx\gdx-freetype-platform\1.9.11\715c0820cbb4b2ae4ac52a567bec03958e22603a\gdx-freetype-platform-1.9.11-natives-desktop.jar;C:\Users\chaz0\OneDrive\Documents\University of York\MyGames\QuackthuluNew\BoatRace2020\core\build\libs\core-1.0.jar;C:\Users\chaz0\.gradle\caches\modules-2\files-2.1\com.badlogicgames.gdx\gdx-backend-headless\1.9.11\45391a2ac187161ea5db0f9ff71e1c6c98ecb29c\gdx-backend-headless-1.9.11.jar;C:\Users\chaz0\.gradle\caches\modules-2\files-2.1\com.badlogicgames.gdx\gdx-freetype\1.9.11\e3d124aa5c89a2cfc134ed0c5e9dee4736a90618\gdx-freetype-1.9.11.jar;C:\Users\chaz0\.gradle\caches\modules-2\files-2.1\com.badlogicgames.ashley\ashley\1.7.3\8482bc42449d5e6d92d03ebb319c2b2d386e644a\ashley-1.7.3.jar;C:\Users\chaz0\.gradle\caches\modules-2\files-2.1\com.badlogicgames.gdx\gdx-ai\1.8.2\ab75d2ce80ab1b1ce6828a15dc0f417abac4c674\gdx-ai-1.8.2.jar;C:\Users\chaz0\.gradle\caches\modules-2\files-2.1\com.badlogicgames.gdx\gdx\1.9.11\69fe46897eed6f92e3f01b75cc7ca5f860881a8b\gdx-1.9.11.jar;C:\Users\chaz0\.gradle\caches\modules-2\files-2.1\org.lwjgl.lwjgl\lwjgl_util\2.9.3\751f06b62424da056954c67288fd5c494431e350\lwjgl_util-2.9.3.jar;C:\Users\chaz0\.gradle\caches\mo
Launcher Type: SUN_STANDARD

Environment Variables:
JAVA_HOME=C:\Users\chaz0\AppData\Local\Programs\AdoptOpenJDK\jdk-11.0.8.10-hotspot\
PATH=C:\Program Files (x86)\Common Files\Oracle\Java\javapath;C:\windows\system32;C:\windows;C:\windows\System32\Wbem;C:\windows\System32\WindowsPowerShell\v1.0\;C:\windows\System32\OpenSSH\;C:\Program Files\Git\cmd;C:\Users\chaz0\AppData\Local\Programs\AdoptOpenJDK\jdk-11.0.8.10-hotspot\bin;C:\Users\chaz0\AppData\Local\Microsoft\WindowsApps;C:\Users\chaz0\AppData\Local\Programs\Microsoft VS Code\bin;C:\Users\chaz0\AppData\Local\GitHubDesktop\bin
USERNAME=chaz0
OS=Windows_NT
PROCESSOR_IDENTIFIER=Intel64 Family 6 Model 126 Stepping 5, GenuineIntel



---------------  S Y S T E M  ---------------

OS: Windows 10.0 , 64 bit Build 18362 (10.0.18362.1110)

CPU:total 8 (initial active 8) (4 cores per cpu, 2 threads per core) family 6 model 126 stepping 5, cmov, cx8, fxsr, mmx, sse, sse2, sse3, ssse3, sse4.1, sse4.2, popcnt, avx, avx2, aes, clmul, erms, 3dnowpref, lzcnt, ht, tsc, tscinvbit, bmi1, bmi2, adx

Memory: 4k page, physical 7969312k(1384840k free), swap 11795404k(1638008k free)

vm_info: Java HotSpot(TM) 64-Bit Server VM (25.271-b09) for windows-amd64 JRE (1.8.0_271-b09), built on Sep 16 2020 19:14:59 by "" with MS VC++ 15.9 (VS2017)

time: Sun Nov  8 01:38:20 2020
timezone: GMT Standard Time
elapsed time: 44.141055 seconds (0d 0h 0m 44s)

